[2026-05-27 10:45:02] [INFO] ========================================
[2026-05-27 10:45:02] [INFO] Automated Update Loop Started
[2026-05-27 10:45:02] [INFO] Watch Interval: 30s
[2026-05-27 10:45:02] [INFO] Watch Path: e:\New\Dubaixia
[2026-05-27 10:45:02] [INFO] ========================================
[2026-05-27 10:45:02] [INFO] Initial Commit: a2df79f4bb7c1d2dd9c367ad91bd5466112d1144
[2026-05-27 10:45:02] [INFO] Initial Changed Files: 32
[2026-05-27 10:45:32] [INFO] [Round 1] Uncommitted changes detected: 32 files
[2026-05-27 10:46:02] [INFO] [Round 2] Uncommitted changes detected: 32 files
[2026-05-27 10:46:32] [INFO] [Round 3] Uncommitted changes detected: 32 files
[2026-05-27 10:47:02] [INFO] [Round 4] Uncommitted changes detected: 32 files
[2026-05-27 10:47:32] [INFO] [Round 5] Uncommitted changes detected: 33 files
[2026-05-27 10:48:02] [INFO] [Round 6] Uncommitted changes detected: 35 files
[2026-05-27 10:48:32] [INFO] [Round 7] Uncommitted changes detected: 37 files
[2026-05-27 10:49:02] [INFO] [Round 8] Uncommitted changes detected: 39 files
[2026-05-27 10:49:32] [INFO] [Round 9] Uncommitted changes detected: 39 files
[2026-05-27 10:50:02] [INFO] [Round 10] Uncommitted changes detected: 39 files
[2026-05-27 10:50:32] [INFO] [Round 11] Uncommitted changes detected: 39 files
[2026-05-27 10:51:02] [INFO] [Round 12] Uncommitted changes detected: 39 files
[2026-05-27 10:51:32] [INFO] [Round 13] Uncommitted changes detected: 39 files
