[2026-05-27 10:53:15] [INFO] ========================================
[2026-05-27 10:53:16] [INFO] Iteration Started
[2026-05-27 10:53:16] [INFO] Trigger: User command '寮€濮嬭凯浠? or '寮€濮嬫洿鏂?
[2026-05-27 10:53:16] [INFO] ========================================
[2026-05-27 10:53:16] [INFO] Using PRD: E:\New\Dubaixia\.ai\prd\20260527-104837-__用户提示词文件.md
[2026-05-27 10:53:16] [INFO] Parsed PRD: 
[2026-05-27 10:53:16] [INFO]   Type: BugFix, Priority: High, Est: 1h
[2026-05-27 10:53:16] [INFO]   Features: 4
[2026-05-27 10:53:16] [INFO]   Acceptance Criteria: 0
[2026-05-27 10:53:16] [SUCCESS] Generated task file: e:\New\Dubaixia\iteration-tasks.txt
[2026-05-27 10:53:16] [INFO] Task file generated: e:\New\Dubaixia\iteration-tasks.txt
[2026-05-27 10:53:16] [SUCCESS] Updated TODO status: TODO-20260527-1048 -> [-]
[2026-05-27 10:53:16] [INFO] ========================================
[2026-05-27 10:53:16] [INFO] ITERATION TASKS: 
[2026-05-27 10:53:16] [INFO] ========================================
[2026-05-27 10:53:16] [INFO] Priority: High | Type: BugFix | Est: 1h
[2026-05-27 10:53:16] [INFO] --------------------------------------------
[2026-05-27 10:53:16] [INFO]   1. (寰呭畾)
[2026-05-27 10:53:16] [INFO]   2. 鍔熻兘鎸夋弿杩板疄鐜?
[2026-05-27 10:53:16] [INFO]   3. 鏃犲穿婧冩垨涓ラ噸閿欒
[2026-05-27 10:53:16] [INFO]   4. 浠ｇ爜绗﹀悎椤圭洰瑙勮寖
[2026-05-27 10:53:16] [INFO] --------------------------------------------
[2026-05-27 10:53:16] [WARN] Ready to start iteration. Building and testing...
[2026-05-27 10:53:16] [WARN] Starting full automation loop...
[2026-05-27 10:53:16] [INFO] [Stage 1/4] Running tests...
[2026-05-27 10:53:52] [SUCCESS] Tests completed
[2026-05-27 10:53:52] [INFO] [Stage 2/4] Building APK...
[2026-05-27 10:54:35] [SUCCESS] Build completed
[2026-05-27 10:54:35] [INFO] [Stage 3/4] Verifying APK...
[2026-05-27 10:54:35] [SUCCESS] APK verified: e:\New\Dubaixia\app\build\outputs\apk\debug\app-debug.apk (7.95 MB)
[2026-05-27 10:54:35] [INFO] [Stage 4/4] Committing changes...
[2026-05-27 10:54:36] [WARN] Git push failed: warning: in the working copy of 'app/src/main/java/com/example/chatbot/util/LongTermMemoryManager.kt', LF will be replaced by CRLF the next time Git touches it
[2026-05-27 10:54:36] [SUCCESS] ========================================
[2026-05-27 10:54:36] [SUCCESS] ITERATION COMPLETED SUCCESSFULLY!
[2026-05-27 10:54:36] [SUCCESS] ========================================
[2026-05-27 10:54:36] [SUCCESS] APK: e:\New\Dubaixia\app\build\outputs\apk\debug\app-debug.apk
[2026-05-27 10:54:36] [SUCCESS] Updated TODO status: TODO-20260527-1048 -> [x]
[2026-05-27 11:16:00] [INFO] ========================================
[2026-05-27 11:16:00] [INFO] Iteration Started
[2026-05-27 11:16:00] [INFO] Trigger: User command '寮€濮嬭凯浠? or '寮€濮嬫洿鏂?
[2026-05-27 11:16:00] [INFO] ========================================
[2026-05-27 11:16:00] [INFO] Using PRD: E:\New\Dubaixia\.ai\prd\20260527-104837-__用户提示词文件.md
[2026-05-27 11:16:00] [INFO] Parsed PRD: 
[2026-05-27 11:16:00] [INFO]   Type: BugFix, Priority: High, Est: 1h
[2026-05-27 11:16:00] [INFO]   Features: 4
[2026-05-27 11:16:00] [INFO]   Acceptance Criteria: 0
[2026-05-27 11:16:00] [SUCCESS] Generated task file: e:\New\Dubaixia\iteration-tasks.txt
[2026-05-27 11:16:00] [INFO] Task file generated: e:\New\Dubaixia\iteration-tasks.txt
[2026-05-27 11:16:01] [SUCCESS] Updated TODO status: TODO-20260527-1048 -> [-]
[2026-05-27 11:16:01] [INFO] ========================================
[2026-05-27 11:16:01] [INFO] ITERATION TASKS: 
[2026-05-27 11:16:01] [INFO] ========================================
[2026-05-27 11:16:01] [INFO] Priority: High | Type: BugFix | Est: 1h
[2026-05-27 11:16:01] [INFO] --------------------------------------------
[2026-05-27 11:16:01] [INFO]   1. (寰呭畾)
[2026-05-27 11:16:01] [INFO]   2. 鍔熻兘鎸夋弿杩板疄鐜?
[2026-05-27 11:16:01] [INFO]   3. 鏃犲穿婧冩垨涓ラ噸閿欒
[2026-05-27 11:16:01] [INFO]   4. 浠ｇ爜绗﹀悎椤圭洰瑙勮寖
[2026-05-27 11:16:01] [INFO] --------------------------------------------
[2026-05-27 11:16:01] [WARN] Ready to start iteration. Building and testing...
[2026-05-27 11:16:01] [WARN] Starting full automation loop...
[2026-05-27 11:16:01] [INFO] [Stage 1/4] Running tests...
[2026-05-27 11:16:37] [SUCCESS] Tests completed
[2026-05-27 11:16:37] [INFO] [Stage 2/4] Building APK...
[2026-05-27 11:17:20] [SUCCESS] Build completed
[2026-05-27 11:17:20] [INFO] [Stage 3/4] Verifying APK...
[2026-05-27 11:17:20] [SUCCESS] APK verified: e:\New\Dubaixia\app\build\outputs\apk\debug\app-debug.apk (7.95 MB)
[2026-05-27 11:17:20] [INFO] [Stage 4/4] Committing changes...
[2026-05-27 11:17:21] [WARN] Git push failed: warning: in the working copy of 'backlog-todos.md', LF will be replaced by CRLF the next time Git touches it
[2026-05-27 11:17:21] [SUCCESS] ========================================
[2026-05-27 11:17:21] [SUCCESS] ITERATION COMPLETED SUCCESSFULLY!
[2026-05-27 11:17:21] [SUCCESS] ========================================
[2026-05-27 11:17:21] [SUCCESS] APK: e:\New\Dubaixia\app\build\outputs\apk\debug\app-debug.apk
[2026-05-27 11:17:21] [SUCCESS] Updated TODO status: TODO-20260527-1048 -> [x]
[2026-05-27 11:24:09] [INFO] ========================================
[2026-05-27 11:24:09] [INFO] Iteration Started
[2026-05-27 11:24:09] [INFO] Trigger: User command '寮€濮嬭凯浠? or '寮€濮嬫洿鏂?
[2026-05-27 11:24:09] [INFO] ========================================
[2026-05-27 11:24:09] [INFO] Using PRD: E:\New\Dubaixia\.ai\prd\20260527-111800-v1.8-角色整理.md
[2026-05-27 11:24:09] [INFO] Parsed PRD: 
[2026-05-27 11:24:09] [INFO]   Type: Feature, Priority: P3, Est: 20h
[2026-05-27 11:24:09] [INFO]   Features: 20
[2026-05-27 11:24:09] [INFO]   Acceptance Criteria: 0
[2026-05-27 11:24:09] [SUCCESS] Generated task file: e:\New\Dubaixia\iteration-tasks.txt
[2026-05-27 11:24:09] [INFO] Task file generated: e:\New\Dubaixia\iteration-tasks.txt
[2026-05-27 11:24:09] [SUCCESS] Updated TODO status: TODO-20260527-1048 -> [-]
[2026-05-27 11:24:09] [INFO] ========================================
[2026-05-27 11:24:09] [INFO] ITERATION TASKS: 
[2026-05-27 11:24:09] [INFO] ========================================
[2026-05-27 11:24:09] [INFO] Priority: P3 | Type: Feature | Est: 20h
[2026-05-27 11:24:09] [INFO] --------------------------------------------
[2026-05-27 11:24:09] [INFO]   1. 创建/编辑/删除分组
[2026-05-27 11:24:09] [INFO]   2. 拖拽角色到分组
[2026-05-27 11:24:09] [INFO]   3. 分组内角色排序
[2026-05-27 11:24:09] [INFO]   4. 分组折叠/展开
[2026-05-27 11:24:09] [INFO]   5. 标签列表页
[2026-05-27 11:24:09] [INFO]   6. 创建/编辑/删除标签
[2026-05-27 11:24:09] [INFO]   7. 标签颜色自定义
[2026-05-27 11:24:09] [INFO]   8. 查看使用某标签的所有角色
[2026-05-27 11:24:09] [INFO]   9. 最近聊天排序
[2026-05-27 11:24:09] [INFO]   10. 创建时间排序
[2026-05-27 11:24:09] [INFO]   11. 名称字母排序
[2026-05-27 11:24:09] [INFO]   12. 记住用户排序偏好
[2026-05-27 11:24:09] [INFO]   13. 多选角色
[2026-05-27 11:24:09] [INFO]   14. 批量导出选中角色
[2026-05-27 11:24:09] [INFO]   15. 批量删除选中角色（需确认）
[2026-05-27 11:24:09] [INFO]   16. 可创建/编辑/删除角色分组
[2026-05-27 11:24:09] [INFO]   17. 可拖拽角色到分组
[2026-05-27 11:24:09] [INFO]   18. 可管理标签
[2026-05-27 11:24:09] [INFO]   19. 支持多种排序方式
[2026-05-27 11:24:09] [INFO]   20. 支持批量导出/删除角色
[2026-05-27 11:24:09] [INFO] --------------------------------------------
[2026-05-27 11:24:09] [WARN] Ready to start iteration. Building and testing...
[2026-05-27 11:24:09] [WARN] Starting full automation loop...
[2026-05-27 11:24:09] [INFO] [Stage 1/4] Running tests...
[2026-05-27 11:24:46] [SUCCESS] Tests completed
[2026-05-27 11:24:46] [INFO] [Stage 2/4] Building APK...
[2026-05-27 11:25:32] [SUCCESS] Build completed
[2026-05-27 11:25:32] [INFO] [Stage 3/4] Verifying APK...
[2026-05-27 11:25:32] [SUCCESS] APK verified: e:\New\Dubaixia\app\build\outputs\apk\debug\app-debug.apk (7.95 MB)
[2026-05-27 11:25:32] [INFO] [Stage 4/4] Committing changes...
[2026-05-27 11:30:54] [SUCCESS] Committed and pushed
[2026-05-27 11:30:54] [SUCCESS] ========================================
[2026-05-27 11:30:54] [SUCCESS] ITERATION COMPLETED SUCCESSFULLY!
[2026-05-27 11:30:54] [SUCCESS] ========================================
[2026-05-27 11:30:54] [SUCCESS] APK: e:\New\Dubaixia\app\build\outputs\apk\debug\app-debug.apk
[2026-05-27 11:30:54] [SUCCESS] Updated TODO status: TODO-20260527-1048 -> [x]
